0 info it worked if it ends with ok
1 verbose cli [ '/usr/local/bin/node', '/usr/local/bin/npm', 'run', 'dev' ]
2 info using npm@3.8.0
3 info using node@v4.3.2
4 verbose run-script [ 'predev', 'dev', 'postdev' ]
5 info lifecycle y@1.0.0~predev: y@1.0.0
6 silly lifecycle y@1.0.0~predev: no script for predev, continuing
7 info lifecycle y@1.0.0~dev: y@1.0.0
8 verbose lifecycle y@1.0.0~dev: unsafe-perm in lifecycle true
9 verbose lifecycle y@1.0.0~dev: PATH: /usr/local/lib/node_modules/npm/bin/node-gyp-bin:/home/tristan/workspace/h5-test/build-tool/node_modules/.bin:/usr/local/bin:/usr/share/ant/bin:/home/tristan/workspace/android-sdk-linux/tools:/home/tristan/workspace/android-sdk-linux/platform-tools:/home/tristan/workspace/android-sdk-linux:/home/tristan/workspace/cocos2d-x-3.8.1/templates:/home/tristan/workspace/cocos2d-x-3.8.1/tools/cocos2d-console/bin:/usr/local/sbin:/usr/local/bin:/usr/sbin:/usr/bin:/sbin:/bin:/usr/games:/usr/local/games:/var/local/jdk1.8.0_65/bin:/home/tristan/.local/bin:/home/tristan/workspace/android-sdk-linux/tools:/home/tristan/workspace/android-ndk-r10e:/home/tristan/workspace/depot_tools
10 verbose lifecycle y@1.0.0~dev: CWD: /home/tristan/workspace/h5-test/build-tool
11 silly lifecycle y@1.0.0~dev: Args: [ '-c',
11 silly lifecycle   'webpack-dev-server --devtool eval --hot --progress --colors --port 3333 --content-base ./src/' ]
12 silly lifecycle y@1.0.0~dev: Returned: code: 1  signal: null
13 info lifecycle y@1.0.0~dev: Failed to exec dev script
14 verbose stack Error: y@1.0.0 dev: `webpack-dev-server --devtool eval --hot --progress --colors --port 3333 --content-base ./src/`
14 verbose stack Exit status 1
14 verbose stack     at EventEmitter.<anonymous> (/usr/local/lib/node_modules/npm/lib/utils/lifecycle.js:239:16)
14 verbose stack     at emitTwo (events.js:87:13)
14 verbose stack     at EventEmitter.emit (events.js:172:7)
14 verbose stack     at ChildProcess.<anonymous> (/usr/local/lib/node_modules/npm/lib/utils/spawn.js:24:14)
14 verbose stack     at emitTwo (events.js:87:13)
14 verbose stack     at ChildProcess.emit (events.js:172:7)
14 verbose stack     at maybeClose (internal/child_process.js:821:16)
14 verbose stack     at Process.ChildProcess._handle.onexit (internal/child_process.js:211:5)
15 verbose pkgid y@1.0.0
16 verbose cwd /home/tristan/workspace/h5-test/build-tool
17 error Linux 3.16.0-49-generic
18 error argv "/usr/local/bin/node" "/usr/local/bin/npm" "run" "dev"
19 error node v4.3.2
20 error npm  v3.8.0
21 error code ELIFECYCLE
22 error y@1.0.0 dev: `webpack-dev-server --devtool eval --hot --progress --colors --port 3333 --content-base ./src/`
22 error Exit status 1
23 error Failed at the y@1.0.0 dev script 'webpack-dev-server --devtool eval --hot --progress --colors --port 3333 --content-base ./src/'.
23 error Make sure you have the latest version of node.js and npm installed.
23 error If you do, this is most likely a problem with the y package,
23 error not with npm itself.
23 error Tell the author that this fails on your system:
23 error     webpack-dev-server --devtool eval --hot --progress --colors --port 3333 --content-base ./src/
23 error You can get information on how to open an issue for this project with:
23 error     npm bugs y
23 error Or if that isn't available, you can get their info via:
23 error     npm owner ls y
23 error There is likely additional logging output above.
24 verbose exit [ 1, true ]
